  crypto-base64.c
  crypto-blackrock2.c
  event-timeout.c
  in-filter.c
  in-report.c
  main-listscan.c
  main-ptrace.c
  main-readrange.c
  in-binary.c
  masscan-app.c
  massip-addr.c
  massip-parse.c
  massip-rangesv4.c
  massip-rangesv6.c
  massip.c
  misc-rstfilter.c
  out-binary.c
  out-certs.c
  out-grepable.c
C:\Users\admin\Desktop\masscan-master\src\out-grepable.c(157,17): warning C4477: 'fprintf' : format string '%lu' requires an argument of type 'unsigned long', but variadic argument 1 has type 'time_t'
C:\Users\admin\Desktop\masscan-master\src\out-grepable.c(157,17): message : consider using '%llu' in the format string
C:\Users\admin\Desktop\masscan-master\src\out-grepable.c(157,17): message : consider using '%Iu' in the format string
C:\Users\admin\Desktop\masscan-master\src\out-grepable.c(157,17): message : consider using '%I64u' in the format string
  out-hostonly.c
  Generating Code...
  Compiling...
  out-json.c
  out-ndjson.c
  out-null.c
  out-redis.c
  out-tcp-services.c
C:\Users\admin\Desktop\masscan-master\src\out-tcp-services.c(21,1): warning C4295: 'test': array is too small to include a terminating null character
  out-text.c
  out-unicornscan.c
  out-xml.c
  pixie-backtrace.c
C:\Users\admin\Desktop\masscan-master\src\pixie-backtrace.c(166,18): warning C4477: 'printf' : format string '%0X' requires an argument of type 'unsigned int', but variadic argument 3 has type 'ULONG64'
C:\Users\admin\Desktop\masscan-master\src\pixie-backtrace.c(166,18): message : consider using '%llX' in the format string
C:\Users\admin\Desktop\masscan-master\src\pixie-backtrace.c(166,18): message : consider using '%IX' in the format string
C:\Users\admin\Desktop\masscan-master\src\pixie-backtrace.c(166,18): message : consider using '%I64X' in the format string
  pixie-file.c
  proto-arp.c
  proto-banner1.c
  proto-banout.c
  proto-coap.c
  proto-dns.c
  proto-ftp.c
  proto-http.c
  proto-icmp.c
  proto-imap4.c
  proto-interactive.c
  Generating Code...
  Compiling...
  proto-memcached.c
  proto-netbios.c
  proto-ntlmssp.c
  proto-ntp.c
  proto-oproto.c
  proto-pop3.c
  proto-sctp.c
  proto-smb.c
  proto-smtp.c
  proto-snmp.c
  proto-ssh.c
  proto-ssl-test.c
  proto-ssl.c
  proto-tcp-rdp.c
  proto-tcp.c
  logger.c
  main-conf.c
  main-dedup.c
  main-initadapter.c
  main-status.c
  Generating Code...
  Compiling...
  main-throttle.c
  main.c
  output.c
  pixie-threads.c
  pixie-timer.c
  proto-preprocess.c
  proto-tcp-telnet.c
  proto-udp.c
  proto-vnc.c
  proto-x509.c
  proto-zeroaccess.c
  rand-blackrock.c
  rand-lcg.c
  rand-primegen.c
  rawsock-getif.c
  rawsock-getip.c
  rawsock-getip6.c
  rawsock-getmac.c
  rawsock-getroute.c
  rawsock-pcapfile.c
  Generating Code...
  Compiling...
  rawsock.c
  read-service-probes.c
  rte-ring.c
  scripting-banner.c
  scripting-masscan.c
  scripting.c
  siphash24.c
  smack1.c
  smackqueue.c
  stack-arpv4.c
  stack-if.c
  stack-ndpv6.c
  stack-queue.c
  stack-src.c
  string_s.c
  stub-lua.c
  stub-pcap.c
  stub-pfring.c
  syn-cookie.c
  templ-payloads.c
  Generating Code...
  Compiling...
  templ-pkt.c
  util-checksum.c
  util-malloc.c
  versioning.c
  vulncheck-heartbleed.c
  vulncheck-ntp-monlist.c
  vulncheck-sslv3.c
  vulncheck.c
  xring.c
  Generating Code...
LINK : warning LNK4075: ignoring '/INCREMENTAL' due to '/PROFILE' specification
crypto-base64.obj : warning LNK4075: ignoring '/EDITANDCONTINUE' due to '/OPT:REF' specification
  masscan.vcxproj -> C:\Users\admin\Desktop\masscan-master\bin\masscan.exe
